# JRE version: OpenJDK Runtime Environment Temurin-17.0.9+9 (17.0.9+9) (build 17.0.9+9)
# Java VM: OpenJDK 64-Bit Server VM Temurin-17.0.9+9 (17.0.9+9, mixed mode, tiered, compressed oops, compressed class ptrs, parallel gc, windows-amd64)
GC Precious Log:
 CPUs: 8 total, 8 available
 Memory: 7959M
 Large Page Support: Disabled
 NUMA Support: Disabled
 Compressed Oops: Enabled (32-bit)
 Alignments: Space 512K, Generation 512K, Heap 2M
 Heap Min Capacity: 100M
 Heap Initial Capacity: 100M
 Heap Max Capacity: 1G
 Pre-touch: Disabled
 Parallel Workers: 8
Heap:
 PSYoungGen      total 14848K, used 13903K [0x00000000eab00000, 0x00000000ec000000, 0x0000000100000000)
  eden space 9216K, 91% used [0x00000000eab00000,0x00000000eb33c850,0x00000000eb400000)
  from space 5632K, 97% used [0x00000000eb680000,0x00000000ebbd74c0,0x00000000ebc00000)
  to   space 4096K, 0% used [0x00000000ebc00000,0x00000000ebc00000,0x00000000ec000000)
 ParOldGen       total 196096K, used 136020K [0x00000000c0000000, 0x00000000cbf80000, 0x00000000eab00000)
  object space 196096K, 69% used [0x00000000c0000000,0x00000000c84d5098,0x00000000cbf80000)
 Metaspace       used 100629K, committed 102208K, reserved 1179648K
  class space    used 10564K, committed 11328K, reserved 1048576K
GC Heap History (20 events):
Event: 1038.608 GC heap before
{Heap before GC invocations=1250 (full 28):
 PSYoungGen      total 14848K, used 14768K [0x00000000eab00000, 0x00000000ebb00000, 0x0000000100000000)
  eden space 13312K, 100% used [0x00000000eab00000,0x00000000eb800000,0x00000000eb800000)
  from space 1536K, 94% used [0x00000000eb800000,0x00000000eb96c070,0x00000000eb980000)
  to   space 1536K, 0% used [0x00000000eb980000,0x00000000eb980000,0x00000000ebb00000)
 ParOldGen       total 196096K, used 127430K [0x00000000c0000000, 0x00000000cbf80000, 0x00000000eab00000)
  object space 196096K, 64% used [0x00000000c0000000,0x00000000c7c719c0,0x00000000cbf80000)
 Metaspace       used 100362K, committed 101952K, reserved 1179648K
  class space    used 10555K, committed 11328K, reserved 1048576K
}
Event: 1038.611 GC heap after
{Heap after GC invocations=1250 (full 28):
 PSYoungGen      total 12800K, used 1528K [0x00000000eab00000, 0x00000000ebf00000, 0x0000000100000000)
  eden space 11264K, 0% used [0x00000000eab00000,0x00000000eab00000,0x00000000eb600000)
  from space 1536K, 99% used [0x00000000eb980000,0x00000000ebafe140,0x00000000ebb00000)
  to   space 3584K, 0% used [0x00000000eb600000,0x00000000eb600000,0x00000000eb980000)
 ParOldGen       total 196096K, used 128747K [0x00000000c0000000, 0x00000000cbf80000, 0x00000000eab00000)
  object space 196096K, 65% used [0x00000000c0000000,0x00000000c7dbaf28,0x00000000cbf80000)
 Metaspace       used 100362K, committed 101952K, reserved 1179648K
  class space    used 10555K, committed 11328K, reserved 1048576K
}
Event: 1039.182 GC heap before
{Heap before GC invocations=1251 (full 28):
 PSYoungGen      total 12800K, used 12792K [0x00000000eab00000, 0x00000000ebf00000, 0x0000000100000000)
  eden space 11264K, 100% used [0x00000000eab00000,0x00000000eb600000,0x00000000eb600000)
  from space 1536K, 99% used [0x00000000eb980000,0x00000000ebafe140,0x00000000ebb00000)
  to   space 3584K, 0% used [0x00000000eb600000,0x00000000eb600000,0x00000000eb980000)
 ParOldGen       total 196096K, used 128747K [0x00000000c0000000, 0x00000000cbf80000, 0x00000000eab00000)
  object space 196096K, 65% used [0x00000000c0000000,0x00000000c7dbaf28,0x00000000cbf80000)
 Metaspace       used 100457K, committed 102016K, reserved 1179648K
  class space    used 10562K, committed 11328K, reserved 1048576K
}
Event: 1039.184 GC heap after
{Heap after GC invocations=1251 (full 28):
 PSYoungGen      total 13312K, used 1616K [0x00000000eab00000, 0x00000000ebb00000, 0x0000000100000000)
  eden space 11264K, 0% used [0x00000000eab00000,0x00000000eab00000,0x00000000eb600000)
  from space 2048K, 78% used [0x00000000eb600000,0x00000000eb7940b0,0x00000000eb800000)
  to   space 2560K, 0% used [0x00000000eb880000,0x00000000eb880000,0x00000000ebb00000)
 ParOldGen       total 196096K, used 128747K [0x00000000c0000000, 0x00000000cbf80000, 0x00000000eab00000)
  object space 196096K, 65% used [0x00000000c0000000,0x00000000c7dbaf28,0x00000000cbf80000)
 Metaspace       used 100457K, committed 102016K, reserved 1179648K
  class space    used 10562K, committed 11328K, reserved 1048576K
}
Event: 1039.870 GC heap before
{Heap before GC invocations=1252 (full 28):
 PSYoungGen      total 13312K, used 12880K [0x00000000eab00000, 0x00000000ebb00000, 0x0000000100000000)
  eden space 11264K, 100% used [0x00000000eab00000,0x00000000eb600000,0x00000000eb600000)
  from space 2048K, 78% used [0x00000000eb600000,0x00000000eb7940b0,0x00000000eb800000)
  to   space 2560K, 0% used [0x00000000eb880000,0x00000000eb880000,0x00000000ebb00000)
 ParOldGen       total 196096K, used 128747K [0x00000000c0000000, 0x00000000cbf80000, 0x00000000eab00000)
  object space 196096K, 65% used [0x00000000c0000000,0x00000000c7dbaf28,0x00000000cbf80000)
 Metaspace       used 100501K, committed 102080K, reserved 1179648K
  class space    used 10564K, committed 11328K, reserved 1048576K
}
Event: 1039.873 GC heap after
{Heap after GC invocations=1252 (full 28):
 PSYoungGen      total 11776K, used 2551K [0x00000000eab00000, 0x00000000ebf00000, 0x0000000100000000)
  eden space 9216K, 0% used [0x00000000eab00000,0x00000000eab00000,0x00000000eb400000)
  from space 2560K, 99% used [0x00000000eb880000,0x00000000ebafdea8,0x00000000ebb00000)
  to   space 4608K, 0% used [0x00000000eb400000,0x00000000eb400000,0x00000000eb880000)
 ParOldGen       total 196096K, used 129952K [0x00000000c0000000, 0x00000000cbf80000, 0x00000000eab00000)
  object space 196096K, 66% used [0x00000000c0000000,0x00000000c7ee82a8,0x00000000cbf80000)
 Metaspace       used 100501K, committed 102080K, reserved 1179648K
  class space    used 10564K, committed 11328K, reserved 1048576K
}
Event: 1040.056 GC heap before
{Heap before GC invocations=1253 (full 28):
 PSYoungGen      total 11776K, used 11767K [0x00000000eab00000, 0x00000000ebf00000, 0x0000000100000000)
  eden space 9216K, 100% used [0x00000000eab00000,0x00000000eb400000,0x00000000eb400000)
  from space 2560K, 99% used [0x00000000eb880000,0x00000000ebafdea8,0x00000000ebb00000)
  to   space 4608K, 0% used [0x00000000eb400000,0x00000000eb400000,0x00000000eb880000)
 ParOldGen       total 196096K, used 129952K [0x00000000c0000000, 0x00000000cbf80000, 0x00000000eab00000)
  object space 196096K, 66% used [0x00000000c0000000,0x00000000c7ee82a8,0x00000000cbf80000)
 Metaspace       used 100502K, committed 102080K, reserved 1179648K
  class space    used 10564K, committed 11328K, reserved 1048576K
}
Event: 1040.059 GC heap after
{Heap after GC invocations=1253 (full 28):
 PSYoungGen      total 13824K, used 4157K [0x00000000eab00000, 0x00000000ebd00000, 0x0000000100000000)
  eden space 9216K, 0% used [0x00000000eab00000,0x00000000eab00000,0x00000000eb400000)
  from space 4608K, 90% used [0x00000000eb400000,0x00000000eb80f4a0,0x00000000eb880000)
  to   space 4608K, 0% used [0x00000000eb880000,0x00000000eb880000,0x00000000ebd00000)
 ParOldGen       total 196096K, used 129960K [0x00000000c0000000, 0x00000000cbf80000, 0x00000000eab00000)
  object space 196096K, 66% used [0x00000000c0000000,0x00000000c7eea2a8,0x00000000cbf80000)
 Metaspace       used 100502K, committed 102080K, reserved 1179648K
  class space    used 10564K, committed 11328K, reserved 1048576K
}
Event: 1040.132 GC heap before
{Heap before GC invocations=1254 (full 28):
 PSYoungGen      total 13824K, used 13373K [0x00000000eab00000, 0x00000000ebd00000, 0x0000000100000000)
  eden space 9216K, 100% used [0x00000000eab00000,0x00000000eb400000,0x00000000eb400000)
  from space 4608K, 90% used [0x00000000eb400000,0x00000000eb80f4a0,0x00000000eb880000)
  to   space 4608K, 0% used [0x00000000eb880000,0x00000000eb880000,0x00000000ebd00000)
 ParOldGen       total 196096K, used 129960K [0x00000000c0000000, 0x00000000cbf80000, 0x00000000eab00000)
  object space 196096K, 66% used [0x00000000c0000000,0x00000000c7eea2a8,0x00000000cbf80000)
 Metaspace       used 100525K, committed 102080K, reserved 1179648K
  class space    used 10564K, committed 11328K, reserved 1048576K
}
Event: 1040.137 GC heap after
{Heap after GC invocations=1254 (full 28):
 PSYoungGen      total 13824K, used 4360K [0x00000000eab00000, 0x00000000ebd80000, 0x0000000100000000)
  eden space 9216K, 0% used [0x00000000eab00000,0x00000000eab00000,0x00000000eb400000)
  from space 4608K, 94% used [0x00000000eb880000,0x00000000ebcc21f0,0x00000000ebd00000)
  to   space 4608K, 0% used [0x00000000eb400000,0x00000000eb400000,0x00000000eb880000)
 ParOldGen       total 196096K, used 129960K [0x00000000c0000000, 0x00000000cbf80000, 0x00000000eab00000)
  object space 196096K, 66% used [0x00000000c0000000,0x00000000c7eea2a8,0x00000000cbf80000)
 Metaspace       used 100525K, committed 102080K, reserved 1179648K
  class space    used 10564K, committed 11328K, reserved 1048576K
}
Event: 1040.179 GC heap before
{Heap before GC invocations=1255 (full 28):
 PSYoungGen      total 13824K, used 13576K [0x00000000eab00000, 0x00000000ebd80000, 0x0000000100000000)
  eden space 9216K, 100% used [0x00000000eab00000,0x00000000eb400000,0x00000000eb400000)
  from space 4608K, 94% used [0x00000000eb880000,0x00000000ebcc21f0,0x00000000ebd00000)
  to   space 4608K, 0% used [0x00000000eb400000,0x00000000eb400000,0x00000000eb880000)
 ParOldGen       total 196096K, used 129960K [0x00000000c0000000, 0x00000000cbf80000, 0x00000000eab00000)
  object space 196096K, 66% used [0x00000000c0000000,0x00000000c7eea2a8,0x00000000cbf80000)
 Metaspace       used 100526K, committed 102080K, reserved 1179648K
  class space    used 10564K, committed 11328K, reserved 1048576K
}
Event: 1040.182 GC heap after
{Heap after GC invocations=1255 (full 28):
 PSYoungGen      total 13824K, used 4173K [0x00000000eab00000, 0x00000000ebd80000, 0x0000000100000000)
  eden space 9216K, 0% used [0x00000000eab00000,0x00000000eab00000,0x00000000eb400000)
  from space 4608K, 90% used [0x00000000eb400000,0x00000000eb813470,0x00000000eb880000)
  to   space 4608K, 0% used [0x00000000eb900000,0x00000000eb900000,0x00000000ebd80000)
 ParOldGen       total 196096K, used 129968K [0x00000000c0000000, 0x00000000cbf80000, 0x00000000eab00000)
  object space 196096K, 66% used [0x00000000c0000000,0x00000000c7eec2a8,0x00000000cbf80000)
 Metaspace       used 100526K, committed 102080K, reserved 1179648K
  class space    used 10564K, committed 11328K, reserved 1048576K
}
Event: 1040.446 GC heap before
{Heap before GC invocations=1256 (full 28):
 PSYoungGen      total 13824K, used 13389K [0x00000000eab00000, 0x00000000ebd80000, 0x0000000100000000)
  eden space 9216K, 100% used [0x00000000eab00000,0x00000000eb400000,0x00000000eb400000)
  from space 4608K, 90% used [0x00000000eb400000,0x00000000eb813470,0x00000000eb880000)
  to   space 4608K, 0% used [0x00000000eb900000,0x00000000eb900000,0x00000000ebd80000)
 ParOldGen       total 196096K, used 129968K [0x00000000c0000000, 0x00000000cbf80000, 0x00000000eab00000)
  object space 196096K, 66% used [0x00000000c0000000,0x00000000c7eec2a8,0x00000000cbf80000)
 Metaspace       used 100578K, committed 102144K, reserved 1179648K
  class space    used 10564K, committed 11328K, reserved 1048576K
}
Event: 1040.452 GC heap after
{Heap after GC invocations=1256 (full 28):
 PSYoungGen      total 12800K, used 4605K [0x00000000eab00000, 0x00000000ec080000, 0x0000000100000000)
  eden space 8192K, 0% used [0x00000000eab00000,0x00000000eab00000,0x00000000eb300000)
  from space 4608K, 99% used [0x00000000eb900000,0x00000000ebd7f4a0,0x00000000ebd80000)
  to   space 6144K, 0% used [0x00000000eb300000,0x00000000eb300000,0x00000000eb900000)
 ParOldGen       total 196096K, used 131142K [0x00000000c0000000, 0x00000000cbf80000, 0x00000000eab00000)
  object space 196096K, 66% used [0x00000000c0000000,0x00000000c8011bd8,0x00000000cbf80000)
 Metaspace       used 100578K, committed 102144K, reserved 1179648K
  class space    used 10564K, committed 11328K, reserved 1048576K
}
Event: 1040.489 GC heap before
{Heap before GC invocations=1257 (full 28):
 PSYoungGen      total 12800K, used 12797K [0x00000000eab00000, 0x00000000ec080000, 0x0000000100000000)
  eden space 8192K, 100% used [0x00000000eab00000,0x00000000eb300000,0x00000000eb300000)
  from space 4608K, 99% used [0x00000000eb900000,0x00000000ebd7f4a0,0x00000000ebd80000)
  to   space 6144K, 0% used [0x00000000eb300000,0x00000000eb300000,0x00000000eb900000)
 ParOldGen       total 196096K, used 131142K [0x00000000c0000000, 0x00000000cbf80000, 0x00000000eab00000)
  object space 196096K, 66% used [0x00000000c0000000,0x00000000c8011bd8,0x00000000cbf80000)
 Metaspace       used 100591K, committed 102144K, reserved 1179648K
  class space    used 10564K, committed 11328K, reserved 1048576K
}
Event: 1040.496 GC heap after
{Heap after GC invocations=1257 (full 28):
 PSYoungGen      total 14336K, used 6132K [0x00000000eab00000, 0x00000000ecb80000, 0x0000000100000000)
  eden space 8192K, 0% used [0x00000000eab00000,0x00000000eab00000,0x00000000eb300000)
  from space 6144K, 99% used [0x00000000eb300000,0x00000000eb8fd360,0x00000000eb900000)
  to   space 12288K, 0% used [0x00000000ebf80000,0x00000000ebf80000,0x00000000ecb80000)
 ParOldGen       total 196096K, used 135980K [0x00000000c0000000, 0x00000000cbf80000, 0x00000000eab00000)
  object space 196096K, 69% used [0x00000000c0000000,0x00000000c84cb098,0x00000000cbf80000)
 Metaspace       used 100591K, committed 102144K, reserved 1179648K
  class space    used 10564K, committed 11328K, reserved 1048576K
}
Event: 1041.019 GC heap before
{Heap before GC invocations=1258 (full 28):
 PSYoungGen      total 14336K, used 14324K [0x00000000eab00000, 0x00000000ecb80000, 0x0000000100000000)
  eden space 8192K, 100% used [0x00000000eab00000,0x00000000eb300000,0x00000000eb300000)
  from space 6144K, 99% used [0x00000000eb300000,0x00000000eb8fd360,0x00000000eb900000)
  to   space 12288K, 0% used [0x00000000ebf80000,0x00000000ebf80000,0x00000000ecb80000)
 ParOldGen       total 196096K, used 135980K [0x00000000c0000000, 0x00000000cbf80000, 0x00000000eab00000)
  object space 196096K, 69% used [0x00000000c0000000,0x00000000c84cb098,0x00000000cbf80000)
 Metaspace       used 100606K, committed 102208K, reserved 1179648K
  class space    used 10564K, committed 11328K, reserved 1048576K
}
Event: 1041.022 GC heap after
{Heap after GC invocations=1258 (full 28):
 PSYoungGen      total 13824K, used 4877K [0x00000000eab00000, 0x00000000ec480000, 0x0000000100000000)
  eden space 8704K, 0% used [0x00000000eab00000,0x00000000eab00000,0x00000000eb380000)
  from space 5120K, 95% used [0x00000000ebf80000,0x00000000ec4434b0,0x00000000ec480000)
  to   space 7168K, 0% used [0x00000000eb680000,0x00000000eb680000,0x00000000ebd80000)
 ParOldGen       total 196096K, used 136020K [0x00000000c0000000, 0x00000000cbf80000, 0x00000000eab00000)
  object space 196096K, 69% used [0x00000000c0000000,0x00000000c84d5098,0x00000000cbf80000)
 Metaspace       used 100606K, committed 102208K, reserved 1179648K
  class space    used 10564K, committed 11328K, reserved 1048576K
}
Event: 1041.303 GC heap before
{Heap before GC invocations=1259 (full 28):
 PSYoungGen      total 13824K, used 13581K [0x00000000eab00000, 0x00000000ec480000, 0x0000000100000000)
  eden space 8704K, 100% used [0x00000000eab00000,0x00000000eb380000,0x00000000eb380000)
  from space 5120K, 95% used [0x00000000ebf80000,0x00000000ec4434b0,0x00000000ec480000)
  to   space 7168K, 0% used [0x00000000eb680000,0x00000000eb680000,0x00000000ebd80000)
 ParOldGen       total 196096K, used 136020K [0x00000000c0000000, 0x00000000cbf80000, 0x00000000eab00000)
  object space 196096K, 69% used [0x00000000c0000000,0x00000000c84d5098,0x00000000cbf80000)
 Metaspace       used 100612K, committed 102208K, reserved 1179648K
  class space    used 10564K, committed 11328K, reserved 1048576K
}
Event: 1041.306 GC heap after
{Heap after GC invocations=1259 (full 28):
 PSYoungGen      total 14848K, used 5469K [0x00000000eab00000, 0x00000000ec000000, 0x0000000100000000)
  eden space 9216K, 0% used [0x00000000eab00000,0x00000000eab00000,0x00000000eb400000)
  from space 5632K, 97% used [0x00000000eb680000,0x00000000ebbd74c0,0x00000000ebc00000)
  to   space 4096K, 0% used [0x00000000ebc00000,0x00000000ebc00000,0x00000000ec000000)
 ParOldGen       total 196096K, used 136020K [0x00000000c0000000, 0x00000000cbf80000, 0x00000000eab00000)
  object space 196096K, 69% used [0x00000000c0000000,0x00000000c84d5098,0x00000000cbf80000)
 Metaspace       used 100612K, committed 102208K, reserved 1179648K
  class space    used 10564K, committed 11328K, reserved 1048576K
}

